

                             _   _
                            (_) | |
      __ _   _ __   __   __  _  | |
     / _` | | '_ \  \ \ / / | | | |
    | (_| | | | | |  \ V /  | | | |
     \__,_| |_| |_|   \_/   |_| |_|

    1.3.0-dev (VERGEN_IDE 1980-01-01T00:00:00.000000000Z)
    https://github.com/foundry-rs/foundry

Available Accounts
==================

(0) 0xf39Fd6e51aad88F6F4ce6aB8827279cffFb92266 (10000.000000000000000000 ETH)
(1) 0x70997970C51812dc3A010C7d01b50e0d17dc79C8 (10000.000000000000000000 ETH)
(2) 0x3C44CdDdB6a900fa2b585dd299e03d12FA4293BC (10000.000000000000000000 ETH)
(3) 0x90F79bf6EB2c4f870365E785982E1f101E93b906 (10000.000000000000000000 ETH)
(4) 0x15d34AAf54267DB7D7c367839AAf71A00a2C6A65 (10000.000000000000000000 ETH)
(5) 0x9965507D1a55bcC2695C58ba16FB37d819B0A4dc (10000.000000000000000000 ETH)
(6) 0x976EA74026E726554dB657fA54763abd0C3a0aa9 (10000.000000000000000000 ETH)
(7) 0x14dC79964da2C08b23698B3D3cc7Ca32193d9955 (10000.000000000000000000 ETH)
(8) 0x23618e81E3f5cdF7f54C3d65f7FBc0aBf5B21E8f (10000.000000000000000000 ETH)
(9) 0xa0Ee7A142d267C1f36714E4a8F75612F20a79720 (10000.000000000000000000 ETH)

Private Keys
==================

(0) 0xac0974bec39a17e36ba4a6b4d238ff944bacb478cbed5efcae784d7bf4f2ff80
(1) 0x59c6995e998f97a5a0044966f0945389dc9e86dae88c7a8412f4603b6b78690d
(2) 0x5de4111afa1a4b94908f83103eb1f1706367c2e68ca870fc3fb9a804cdab365a
(3) 0x7c852118294e51e653712a81e05800f419141751be58f605c371e15141b007a6
(4) 0x47e179ec197488593b187f80a00eb0da91f1b9d0b13f8733639f19c30a34926a
(5) 0x8b3a350cf5c34c9194ca85829a2df0ec3153be0318b5e2d3348e872092edffba
(6) 0x92db14e403b83dfe3df233f83dfa3a0d7096f21ca9b0d6d6b8d88b2b4ec1564e
(7) 0x4bbbf85ce3377467afe5d46f804f221813b2bb87f24d81f60f1fcdbf7cbf4356
(8) 0xdbda1821b80551c9d65939329250298aa3472ba22feea921c0cf5d620ea67b97
(9) 0x2a871d0798f97d79848a013d4936a73bf4cc922c825d33c1cf7073dff6d409c6

Wallet
==================
Mnemonic:          test test test test test test test test test test test junk
Derivation path:   m/44'/60'/0'/0/


Fork
==================
Endpoint:       https://eth-mainnet.public.blastapi.io
Block number:   19250000
Block hash:     0xfacc7efd9f9c59c426a0545f59520fcc7234b6fe677882ff9144d3260c13d956
Chain ID:       31337

Base Fee
==================

32531929786

Gas Limit
==================

30000000

Genesis Timestamp
==================

1758663152

Genesis Number
==================

0

Listening on 127.0.0.1:8545

    Block Number: 19250001
    Block Hash: 0xb18ecb803e7c8b0d4629c4675e1d9bb6d46836fe21336a5882b965454b6abdaa
    Block Time: "Sat, 17 Feb 2024 20:38:47 +0000"


    Block Number: 19250002
    Block Hash: 0xf544e7ebd8fa558bd7e30ffd5ab4ca940379e6f1b344fa138a82cd5339037fef
    Block Time: "Sat, 17 Feb 2024 20:38:59 +0000"


    Block Number: 19250003
    Block Hash: 0x8ee357d61366fbfaca9522b2f4541e62eb0233f7aee9e04dd77b34194ad890d4
    Block Time: "Sat, 17 Feb 2024 20:39:11 +0000"


    Block Number: 19250004
    Block Hash: 0x13341fd32e5062a6804cd34a156e65f923ae7518c6a71088e59d2f2002fdf595
    Block Time: "Sat, 17 Feb 2024 20:39:23 +0000"


    Block Number: 19250005
    Block Hash: 0x8a6fe25e0785aac66ec5ea2f067c66ba67fffe7d6baa5aab32bf93218891c992
    Block Time: "Sat, 17 Feb 2024 20:39:35 +0000"


    Block Number: 19250006
    Block Hash: 0x458e594e78b73dd9e355a0b29cb37215062e75c624bcce52d78860f0f1fabde9
    Block Time: "Sat, 17 Feb 2024 20:39:47 +0000"


    Block Number: 19250007
    Block Hash: 0x292b9e96f9772c77d9dd36b40316541fe4cbab827a1abddbb80d0b7ab6dc7860
    Block Time: "Sat, 17 Feb 2024 20:39:59 +0000"


    Block Number: 19250008
    Block Hash: 0x2c964217dbe12e053f8be57b7f269c84af1b4bd8d7c39d6b3967fdc78e2b8652
    Block Time: "Sat, 17 Feb 2024 20:40:11 +0000"


    Block Number: 19250009
    Block Hash: 0x49903eb2b0ce76acd495a37179a7763eff3612a60f54bcf3853ead84b53f7f50
    Block Time: "Sat, 17 Feb 2024 20:40:23 +0000"


    Block Number: 19250010
    Block Hash: 0xfcf0e7ca13103fc6ad46a67d4f9d7cd4f73b8040c23670939ad14cd12a3e507b
    Block Time: "Sat, 17 Feb 2024 20:40:35 +0000"


    Block Number: 19250011
    Block Hash: 0x5b9fc2628c01fe1cc47c98fdec6272a9a17973a85ed381322d31b4e6de11ffc8
    Block Time: "Sat, 17 Feb 2024 20:40:47 +0000"


    Block Number: 19250012
    Block Hash: 0xe47c34efecc98222ee7e55907fd3b1427cb7453a90200fddc73559a2abbba251
    Block Time: "Sat, 17 Feb 2024 20:40:59 +0000"


    Block Number: 19250013
    Block Hash: 0x68ca05a94f0a0ce73690e0656e072a1c3c5e6b5912408653ac3c4b7ae5c3badd
    Block Time: "Sat, 17 Feb 2024 20:41:11 +0000"


    Block Number: 19250014
    Block Hash: 0x8f6b38fab8c9c22724f50bc00ddbb1aeb91d3596a035eaebc2b9adefbc659223
    Block Time: "Sat, 17 Feb 2024 20:41:23 +0000"


    Block Number: 19250015
    Block Hash: 0xb587800d5f2ca344559c479dc31dd51d652c3de1b241feece3be45ae901688f6
    Block Time: "Sat, 17 Feb 2024 20:41:35 +0000"


    Block Number: 19250016
    Block Hash: 0xd3846da67418a7f03d338036c89e1ebc92f6acb76b5beba2d7fdfba1841dbc99
    Block Time: "Sat, 17 Feb 2024 20:41:47 +0000"


    Block Number: 19250017
    Block Hash: 0x1ff9f36c01be088f15c91e81450e6fff1795bc8c67bd9c1d78c4454927873afe
    Block Time: "Sat, 17 Feb 2024 20:41:59 +0000"


    Block Number: 19250018
    Block Hash: 0x36c7708be645a994cfb63ac98006187dfde07c1669edcd6f034ef3cb252f82d3
    Block Time: "Sat, 17 Feb 2024 20:42:11 +0000"


    Block Number: 19250019
    Block Hash: 0x3ebb8de545ffae19d6866bc1899b03d9c3928ef96d9de87749b75e9765cfebc8
    Block Time: "Sat, 17 Feb 2024 20:42:23 +0000"


    Block Number: 19250020
    Block Hash: 0xf542de028509ed4cf14640220aca5e889b1ad0e8783ff2de36ba2183d5c70bdb
    Block Time: "Sat, 17 Feb 2024 20:42:35 +0000"


    Block Number: 19250021
    Block Hash: 0xb7c7d6d8201013cfc1fa5824b63b4e019aa652209bc7811af040907e1548dd2b
    Block Time: "Sat, 17 Feb 2024 20:42:47 +0000"


    Block Number: 19250022
    Block Hash: 0x5ae7a3c5bc81e2a286ab89f0a9b2556f8c8cd85b2051b2e353680c9b7eb4ca4f
    Block Time: "Sat, 17 Feb 2024 20:42:59 +0000"


    Block Number: 19250023
    Block Hash: 0xf181174f2a2b7c3c58cf4751e1feaf1af52e4372b49e9b96240cc85841168e07
    Block Time: "Sat, 17 Feb 2024 20:43:11 +0000"


    Block Number: 19250024
    Block Hash: 0x88d26f241fc819b3a7bb41df806aecb0e13a08ce531fa2ea90aece1907352ccb
    Block Time: "Sat, 17 Feb 2024 20:43:23 +0000"


    Block Number: 19250025
    Block Hash: 0x313e12667d3d6c21f500a3174c51221d237b073eb6b8a8d04e9aa7028c85c505
    Block Time: "Sat, 17 Feb 2024 20:43:35 +0000"


    Block Number: 19250026
    Block Hash: 0xd08793c4604234d932a84915f2ea3abf0afe71eecf770da534de5650248a33fe
    Block Time: "Sat, 17 Feb 2024 20:43:47 +0000"


    Block Number: 19250027
    Block Hash: 0xf3e67a9b52d22e8bf4052586db4aac32345ef20de137178fb1d190fcaab1326d
    Block Time: "Sat, 17 Feb 2024 20:43:59 +0000"

